
> backend@1.0.0 build
> tsc -p tsconfig.build.json

src/audit-trail/search.ts(2,24): error TS2307: Cannot find module '@elastic/elasticsearch' or its corresponding type declarations.
src/audit-trail/search.ts(18,24): error TS7006: Parameter 'hit' implicitly has an 'any' type.
src/common/filters/http-exception.filter.ts(9,24): error TS2305: Module '"express"' has no exported member 'Response'.
src/common/filters/typeorm-exception.filter.ts(3,10): error TS2305: Module '"express"' has no exported member 'Response'.
src/common/idempotency/idempotency.interceptor.ts(11,10): error TS2305: Module '"express"' has no exported member 'Response'.
src/compliance/compliance.processor.ts(118,62): error TS18046: 'error' is of type 'unknown'.
src/compliance/exporters/pdf-exporter.service.ts(4,30): error TS7016: Could not find a declaration file for module 'pdfkit'. '/Users/mac/Desktop/Drips/wave/StellarSplit/backend/node_modules/pdfkit/js/pdfkit.js' implicitly has an 'any' type.
  Try `npm i --save-dev @types/pdfkit` if it exists or add a new declaration (.d.ts) file containing `declare module 'pdfkit';`
src/compliance/exporters/pdf-exporter.service.ts(16,29): error TS7006: Parameter 'chunk' implicitly has an 'any' type.
src/compliance/historical-rates.service.ts(41,82): error TS18046: 'error' is of type 'unknown'.
src/currency/ entities/currency-rate-cache.entity.ts(6,3): error TS2564: Property 'id' has no initializer and is not definitely assigned in the constructor.
src/currency/ entities/currency-rate-cache.entity.ts(9,3): error TS2564: Property 'baseCurrency' has no initializer and is not definitely assigned in the constructor.
src/currency/ entities/currency-rate-cache.entity.ts(12,3): error TS2564: Property 'targetCurrency' has no initializer and is not definitely assigned in the constructor.
src/currency/ entities/currency-rate-cache.entity.ts(15,3): error TS2564: Property 'rate' has no initializer and is not definitely assigned in the constructor.
src/currency/ entities/currency-rate-cache.entity.ts(18,3): error TS2564: Property 'source' has no initializer and is not definitely assigned in the constructor.
src/currency/ entities/currency-rate-cache.entity.ts(21,3): error TS2564: Property 'fetchedAt' has no initializer and is not definitely assigned in the constructor.
src/currency/ entities/currency-rate-cache.entity.ts(24,3): error TS2564: Property 'expiresAt' has no initializer and is not definitely assigned in the constructor.
src/currency/ entities/user-currency-preference.entity.ts(19,3): error TS2564: Property 'id' has no initializer and is not definitely assigned in the constructor.
src/currency/ entities/user-currency-preference.entity.ts(22,3): error TS2564: Property 'userId' has no initializer and is not definitely assigned in the constructor.
src/currency/ entities/user-currency-preference.entity.ts(25,3): error TS2564: Property 'preferredCurrency' has no initializer and is not definitely assigned in the constructor.
src/currency/ entities/user-currency-preference.entity.ts(28,3): error TS2564: Property 'preferredAsset' has no initializer and is not definitely assigned in the constructor.
src/currency/ entities/user-currency-preference.entity.ts(31,3): error TS2564: Property 'detectedCountry' has no initializer and is not definitely assigned in the constructor.
src/currency/ entities/user-currency-preference.entity.ts(34,3): error TS2564: Property 'detectedCurrency' has no initializer and is not definitely assigned in the constructor.
src/currency/ entities/user-currency-preference.entity.ts(37,3): error TS2564: Property 'autoDetected' has no initializer and is not definitely assigned in the constructor.
src/currency/ entities/user-currency-preference.entity.ts(40,3): error TS2564: Property 'lastUpdated' has no initializer and is not definitely assigned in the constructor.
src/currency/conversion.service.ts(1,2): error TS2304: Cannot find name 'Injectable'.
src/currency/conversion.service.ts(3,36): error TS2304: Cannot find name 'CurrencyRateService'.
src/currency/currency-rate.service.ts(1,2): error TS2304: Cannot find name 'Injectable'.
src/currency/currency-rate.service.ts(4,6): error TS2304: Cannot find name 'InjectRepository'.
src/currency/currency-rate.service.ts(4,23): error TS2304: Cannot find name 'CurrencyRateCache'.
src/currency/currency-rate.service.ts(5,23): error TS2304: Cannot find name 'Repository'.
src/currency/currency-rate.service.ts(5,34): error TS2304: Cannot find name 'CurrencyRateCache'.
src/currency/currency-rate.service.ts(40,36): error TS18046: 'data' is of type 'unknown'.
src/currency/currency-rate.service.ts(41,37): error TS18046: 'data' is of type 'unknown'.
src/currency/currency-rate.service.ts(49,12): error TS18046: 'data' is of type 'unknown'.
src/currency/currency.controller.ts(1,2): error TS2304: Cannot find name 'Controller'.
src/currency/currency.controller.ts(4,30): error TS2304: Cannot find name 'CurrencyService'.
src/currency/currency.controller.ts(5,32): error TS2304: Cannot find name 'ConversionService'.
src/currency/currency.controller.ts(8,4): error TS2304: Cannot find name 'Get'.
src/currency/currency.controller.ts(9,16): error TS7006: Parameter 'req' implicitly has an 'any' type.
src/currency/currency.controller.ts(9,17): error TS2304: Cannot find name 'Req'.
src/currency/currency.controller.ts(14,4): error TS2304: Cannot find name 'Get'.
src/currency/currency.controller.ts(15,17): error TS7006: Parameter 'req' implicitly has an 'any' type.
src/currency/currency.controller.ts(15,18): error TS2304: Cannot find name 'Req'.
src/currency/currency.controller.ts(19,4): error TS2304: Cannot find name 'Put'.
src/currency/currency.controller.ts(20,20): error TS7006: Parameter 'req' implicitly has an 'any' type.
src/currency/currency.controller.ts(20,21): error TS2304: Cannot find name 'Req'.
src/currency/currency.controller.ts(20,33): error TS2304: Cannot find name 'Body'.
src/currency/currency.controller.ts(20,45): error TS2304: Cannot find name 'UpdatePreferenceDto'.
src/currency/currency.controller.ts(24,4): error TS2304: Cannot find name 'Get'.
src/currency/currency.controller.ts(25,16): error TS2304: Cannot find name 'Query'.
src/currency/currency.controller.ts(25,45): error TS2304: Cannot find name 'Query'.
src/currency/currency.controller.ts(34,4): error TS2304: Cannot find name 'Post'.
src/currency/currency.controller.ts(35,18): error TS2304: Cannot find name 'Body'.
src/currency/currency.controller.ts(35,30): error TS2304: Cannot find name 'ConvertDto'.
src/currency/currency.controller.ts(43,4): error TS2304: Cannot find name 'Get'.
src/currency/currency.controller.ts(45,17): error TS2339: Property 'supportedValuesOf' does not exist on type 'typeof Intl'.
src/currency/currency.service.ts(1,2): error TS2304: Cannot find name 'Injectable'.
src/currency/currency.service.ts(4,6): error TS2304: Cannot find name 'InjectRepository'.
src/currency/currency.service.ts(4,23): error TS2304: Cannot find name 'UserCurrencyPreference'.
src/currency/currency.service.ts(5,23): error TS2304: Cannot find name 'Repository'.
src/currency/currency.service.ts(5,34): error TS2304: Cannot find name 'UserCurrencyPreference'.
src/currency/currency.service.ts(6,25): error TS2304: Cannot find name 'GeoService'.
src/currency/currency.service.ts(17,48): error TS2304: Cannot find name 'UpdatePreferenceDto'.
src/currency/geo/geo.service.ts(1,22): error TS2724: '"@nestjs/common"' has no exported member named 'HttpService'. Did you mean 'HttpServer'?
src/currency/geo/geo.service.ts(11,11): error TS18046: 'data' is of type 'unknown'.
src/currency/geo/geo.service.ts(16,18): error TS18046: 'data' is of type 'unknown'.
src/currency/geo/geo.service.ts(17,45): error TS18046: 'data' is of type 'unknown'.
src/export/csv-generator.service.ts(2,39): error TS2307: Cannot find module 'csv-writer' or its corresponding type declarations.
src/export/csv-generator.service.ts(4,26): error TS2307: Cannot find module 'exceljs' or its corresponding type declarations.
src/export/csv-generator.service.ts(29,41): error TS7006: Parameter 'expense' implicitly has an 'any' type.
src/export/csv-generator.service.ts(37,41): error TS7006: Parameter 'expense' implicitly has an 'any' type.
src/export/csv-generator.service.ts(45,46): error TS7006: Parameter 'settlement' implicitly has an 'any' type.
src/export/csv-generator.service.ts(53,37): error TS7006: Parameter 'settlement' implicitly has an 'any' type.
src/export/csv-generator.service.ts(113,33): error TS7006: Parameter 'expense' implicitly has an 'any' type.
src/export/csv-generator.service.ts(123,21): error TS7006: Parameter 'p' implicitly has an 'any' type.
src/export/csv-generator.service.ts(128,36): error TS7006: Parameter 'settlement' implicitly has an 'any' type.
src/export/csv-generator.service.ts(221,32): error TS7006: Parameter 'column' implicitly has an 'any' type.
src/export/csv-generator.service.ts(223,48): error TS7006: Parameter 'cell' implicitly has an 'any' type.
src/export/csv-generator.service.ts(273,12): error TS7053: Element implicitly has an 'any' type because expression of type 'string' can't be used to index type '{ food: string; transportation: string; entertainment: string; business: string; office: string; travel: string; equipment: string; education: string; professional: string; personal: string; }'.
  No index signature with a parameter of type 'string' was found on type '{ food: string; transportation: string; entertainment: string; business: string; office: string; travel: string; equipment: string; education: string; professional: string; personal: string; }'.
src/export/email.service.ts(9,11): error TS2564: Property 'transporter' has no initializer and is not definitely assigned in the constructor.
src/export/export.controller.ts(24,10): error TS2305: Module '"express"' has no exported member 'Response'.
src/export/export.controller.ts(25,30): error TS2307: Cannot find module '../auth/guards/jwt-auth.guard' or its corresponding type declarations.
src/export/export.controller.ts(56,5): error TS7006: Parameter 'req' implicitly has an 'any' type.
src/export/export.controller.ts(75,5): error TS7006: Parameter 'req' implicitly has an 'any' type.
src/export/export.controller.ts(98,5): error TS7006: Parameter 'req' implicitly has an 'any' type.
src/export/export.controller.ts(151,5): error TS7006: Parameter 'req' implicitly has an 'any' type.
src/export/export.controller.ts(169,5): error TS7006: Parameter 'req' implicitly has an 'any' type.
src/export/export.controller.ts(185,23): error TS7006: Parameter 'req' implicitly has an 'any' type.
src/export/export.controller.ts(198,5): error TS7006: Parameter 'req' implicitly has an 'any' type.
src/export/export.controller.ts(215,5): error TS7006: Parameter 'req' implicitly has an 'any' type.
src/export/export.controller.ts(361,26): error TS7006: Parameter 'req' implicitly has an 'any' type.
src/export/export.controller.ts(362,31): error TS2339: Property 'checkEligibility' does not exist on type 'ExportService'.
src/export/export.controller.ts(374,24): error TS7006: Parameter 'req' implicitly has an 'any' type.
src/export/export.controller.ts(383,9): error TS7053: Element implicitly has an 'any' type because expression of type 'ExportFormat' can't be used to index type '{}'.
  Property '[ExportFormat.CSV]' does not exist on type '{}'.
src/export/export.controller.ts(383,28): error TS7053: Element implicitly has an 'any' type because expression of type 'ExportFormat' can't be used to index type '{}'.
  Property '[ExportFormat.CSV]' does not exist on type '{}'.
src/export/export.controller.ts(387,9): error TS7053: Element implicitly has an 'any' type because expression of type 'ReportType' can't be used to index type '{}'.
  Property '[ReportType.MONTHLY_SUMMARY]' does not exist on type '{}'.
src/export/export.controller.ts(387,32): error TS7053: Element implicitly has an 'any' type because expression of type 'ReportType' can't be used to index type '{}'.
  Property '[ReportType.MONTHLY_SUMMARY]' does not exist on type '{}'.
src/export/export.service.ts(240,35): error TS2339: Property 'filter' does not exist on type '{}'.
src/export/export.service.ts(240,43): error TS7006: Parameter 'expense' implicitly has an 'any' type.
src/export/export.service.ts(241,36): error TS7006: Parameter 'p' implicitly has an 'any' type.
src/export/export.service.ts(241,42): error TS18048: 'filters.participants' is possibly 'undefined'.
src/export/export.service.ts(247,43): error TS2339: Property 'filter' does not exist on type '{}'.
src/export/export.service.ts(247,51): error TS7006: Parameter 'expense' implicitly has an 'any' type.
src/export/export.service.ts(251,43): error TS2339: Property 'filter' does not exist on type '{}'.
src/export/export.service.ts(251,51): error TS7006: Parameter 'expense' implicitly has an 'any' type.
src/export/export.service.ts(252,36): error TS7006: Parameter 'p' implicitly has an 'any' type.
src/export/export.service.ts(257,36): error TS2339: Property 'splitsService' does not exist on type 'ExportService'.
src/export/export.service.ts(266,42): error TS2345: Argument of type '{}' is not assignable to parameter of type 'any[]'.
  Type '{}' is missing the following properties from type 'any[]': length, pop, push, concat, and 28 more.
src/export/export.service.ts(268,43): error TS2345: Argument of type '{}' is not assignable to parameter of type 'any[]'.
  Type '{}' is missing the following properties from type 'any[]': length, pop, push, concat, and 28 more.
src/export/export.service.ts(270,45): error TS2345: Argument of type '{}' is not assignable to parameter of type 'any[]'.
  Type '{}' is missing the following properties from type 'any[]': length, pop, push, concat, and 28 more.
src/export/export.service.ts(272,54): error TS2345: Argument of type '{}' is not assignable to parameter of type 'any[]'.
  Type '{}' is missing the following properties from type 'any[]': length, pop, push, concat, and 28 more.
src/export/export.service.ts(274,42): error TS2345: Argument of type '{}' is not assignable to parameter of type 'any[]'.
  Type '{}' is missing the following properties from type 'any[]': length, pop, push, concat, and 28 more.
src/export/export.service.ts(280,45): error TS2339: Property 'length' does not exist on type '{}'.
src/export/export.service.ts(296,12): error TS7053: Element implicitly has an 'any' type because expression of type 'any' can't be used to index type '{}'.
src/export/export.service.ts(297,9): error TS7053: Element implicitly has an 'any' type because expression of type 'any' can't be used to index type '{}'.
src/export/export.service.ts(308,7): error TS7053: Element implicitly has an 'any' type because expression of type 'any' can't be used to index type '{}'.
src/export/export.service.ts(309,7): error TS7053: Element implicitly has an 'any' type because expression of type 'any' can't be used to index type '{}'.
src/export/export.service.ts(312,12): error TS7053: Element implicitly has an 'any' type because expression of type 'any' can't be used to index type '{}'.
src/export/export.service.ts(313,9): error TS7053: Element implicitly has an 'any' type because expression of type 'any' can't be used to index type '{}'.
src/export/export.service.ts(315,7): error TS7053: Element implicitly has an 'any' type because expression of type 'any' can't be used to index type '{}'.
src/export/export.service.ts(320,12): error TS7053: Element implicitly has an 'any' type because expression of type 'any' can't be used to index type '{}'.
src/export/export.service.ts(321,9): error TS7053: Element implicitly has an 'any' type because expression of type 'any' can't be used to index type '{}'.
src/export/export.service.ts(332,7): error TS7053: Element implicitly has an 'any' type because expression of type 'any' can't be used to index type '{}'.
src/export/export.service.ts(333,7): error TS7053: Element implicitly has an 'any' type because expression of type 'any' can't be used to index type '{}'.
src/export/export.service.ts(426,12): error TS7053: Element implicitly has an 'any' type because expression of type 'any' can't be used to index type '{}'.
src/export/export.service.ts(427,9): error TS7053: Element implicitly has an 'any' type because expression of type 'any' can't be used to index type '{}'.
src/export/export.service.ts(436,7): error TS7053: Element implicitly has an 'any' type because expression of type 'any' can't be used to index type '{}'.
src/export/export.service.ts(437,7): error TS7053: Element implicitly has an 'any' type because expression of type 'any' can't be used to index type '{}'.
src/export/export.service.ts(473,37): error TS7006: Parameter 'participant' implicitly has an 'any' type.
src/export/export.service.ts(477,14): error TS7053: Element implicitly has an 'any' type because expression of type 'any' can't be used to index type '{}'.
src/export/export.service.ts(478,11): error TS7053: Element implicitly has an 'any' type because expression of type 'any' can't be used to index type '{}'.
src/export/export.service.ts(491,11): error TS7053: Element implicitly has an 'any' type because expression of type 'any' can't be used to index type '{}'.
src/export/export.service.ts(494,11): error TS7053: Element implicitly has an 'any' type because expression of type 'any' can't be used to index type '{}'.
src/export/export.service.ts(497,9): error TS7053: Element implicitly has an 'any' type because expression of type 'any' can't be used to index type '{}'.
src/export/export.service.ts(498,9): error TS7053: Element implicitly has an 'any' type because expression of type 'any' can't be used to index type '{}'.
src/export/export.service.ts(500,22): error TS7053: Element implicitly has an 'any' type because expression of type 'any' can't be used to index type '{}'.
src/export/export.service.ts(510,12): error TS7053: Element implicitly has an 'any' type because expression of type 'any' can't be used to index type '{}'.
src/export/export.service.ts(511,9): error TS7053: Element implicitly has an 'any' type because expression of type 'any' can't be used to index type '{}'.
src/export/export.service.ts(523,9): error TS7053: Element implicitly has an 'any' type because expression of type 'any' can't be used to index type '{}'.
src/export/export.service.ts(525,9): error TS7053: Element implicitly has an 'any' type because expression of type 'any' can't be used to index type '{}'.
src/export/export.service.ts(531,23): error TS7053: Element implicitly has an 'any' type because expression of type 'string' can't be used to index type '{}'.
  No index signature with a parameter of type 'string' was found on type '{}'.
src/export/export.service.ts(537,35): error TS2339: Property 'usersService' does not exist on type 'ExportService'.
src/export/export.service.ts(627,23): error TS7006: Parameter 'expense' implicitly has an 'any' type.
src/export/export.service.ts(631,12): error TS7053: Element implicitly has an 'any' type because expression of type 'any' can't be used to index type '{}'.
src/export/export.service.ts(632,9): error TS7053: Element implicitly has an 'any' type because expression of type 'any' can't be used to index type '{}'.
src/export/export.service.ts(634,7): error TS7053: Element implicitly has an 'any' type because expression of type 'any' can't be used to index type '{}'.
src/export/export.service.ts(637,12): error TS7053: Element implicitly has an 'any' type because expression of type 'any' can't be used to index type '{}'.
src/export/export.service.ts(638,9): error TS7053: Element implicitly has an 'any' type because expression of type 'any' can't be used to index type '{}'.
src/export/export.service.ts(640,7): error TS7053: Element implicitly has an 'any' type because expression of type 'any' can't be used to index type '{}'.
src/export/export.service.ts(644,50): error TS7006: Parameter 'sum' implicitly has an 'any' type.
src/export/export.service.ts(644,55): error TS7006: Parameter 's' implicitly has an 'any' type.
src/export/export.service.ts(799,45): error TS2304: Cannot find name 'CreateExportTemplateDto'.
src/export/export.service.ts(813,5): error TS2740: Type 'ExportTemplate[]' is missing the following properties from type 'ExportTemplate': id, userId, user, name, and 13 more.
src/export/export.service.ts(843,45): error TS2304: Cannot find name 'ScheduleExportDto'.
src/export/export.service.ts(898,11): error TS2322: Type 'null' is not assignable to type 'string | (() => string) | undefined'.
src/export/export.service.ts(899,11): error TS2322: Type 'null' is not assignable to type 'string | (() => string) | undefined'.
src/export/pdf-generator.service.ts(2,30): error TS7016: Could not find a declaration file for module 'pdfkit'. '/Users/mac/Desktop/Drips/wave/StellarSplit/backend/node_modules/pdfkit/js/pdfkit.js' implicitly has an 'any' type.
  Try `npm i --save-dev @types/pdfkit` if it exists or add a new declaration (.d.ts) file containing `declare module 'pdfkit';`
src/export/pdf-generator.service.ts(37,35): error TS2503: Cannot find namespace 'PDFKit'.
src/export/pdf-generator.service.ts(80,26): error TS2503: Cannot find namespace 'PDFKit'.
src/export/pdf-generator.service.ts(107,25): error TS2503: Cannot find namespace 'PDFKit'.
src/export/pdf-generator.service.ts(134,34): error TS2503: Cannot find namespace 'PDFKit'.
src/export/pdf-generator.service.ts(169,34): error TS2503: Cannot find namespace 'PDFKit'.
src/export/pdf-generator.service.ts(206,29): error TS2503: Cannot find namespace 'PDFKit'.
src/export/pdf-generator.service.ts(282,37): error TS2503: Cannot find namespace 'PDFKit'.
src/export/pdf-generator.service.ts(335,34): error TS2503: Cannot find namespace 'PDFKit'.
src/export/pdf-generator.service.ts(386,34): error TS2503: Cannot find namespace 'PDFKit'.
src/export/pdf-generator.service.ts(425,35): error TS2503: Cannot find namespace 'PDFKit'.
src/export/pdf-generator.service.ts(458,35): error TS2503: Cannot find namespace 'PDFKit'.
src/export/pdf-generator.service.ts(488,31): error TS2503: Cannot find namespace 'PDFKit'.
src/export/pdf-generator.service.ts(510,26): error TS2503: Cannot find namespace 'PDFKit'.
src/export/pdf-generator.service.ts(538,31): error TS2503: Cannot find namespace 'PDFKit'.
src/export/quickbooks-generator.service.ts(3,25): error TS2307: Cannot find module 'xml2js' or its corresponding type declarations.
src/export/quickbooks-generator.service.ts(172,11): error TS7034: Variable 'invoices' implicitly has type 'any[]' in some locations where its type cannot be determined.
src/export/quickbooks-generator.service.ts(202,12): error TS7005: Variable 'invoices' implicitly has an 'any[]' type.
src/export/quickbooks-generator.service.ts(211,11): error TS7034: Variable 'bills' implicitly has type 'any[]' in some locations where its type cannot be determined.
src/export/quickbooks-generator.service.ts(234,12): error TS7005: Variable 'bills' implicitly has an 'any[]' type.
src/export/quickbooks-generator.service.ts(254,35): error TS2345: Argument of type '{ AccountRef: { FullName: string; }; Amount: any; Memo: any; EntityRef: { FullName: any; }; }' is not assignable to parameter of type 'never'.
src/export/quickbooks-generator.service.ts(278,40): error TS2345: Argument of type '{ AccountRef: { FullName: string; }; Amount: any; Memo: string; EntityRef: { FullName: any; }; }' is not assignable to parameter of type 'never'.
src/export/quickbooks-generator.service.ts(295,37): error TS2345: Argument of type '{ AccountRef: { FullName: string; }; Amount: any; Memo: any; }' is not assignable to parameter of type 'never'.
src/export/quickbooks-generator.service.ts(300,38): error TS2345: Argument of type '{ AccountRef: { FullName: string; }; Amount: any; Memo: string; }' is not assignable to parameter of type 'never'.
src/export/quickbooks-generator.service.ts(307,37): error TS2345: Argument of type '{ AccountRef: { FullName: string; }; Amount: any; Memo: string; }' is not assignable to parameter of type 'never'.
src/export/quickbooks-generator.service.ts(312,38): error TS2345: Argument of type '{ AccountRef: { FullName: string; }; Amount: any; Memo: any; }' is not assignable to parameter of type 'never'.
src/export/quickbooks-generator.service.ts(334,40): error TS2345: Argument of type '{ AccountRef: { FullName: string; }; Amount: any; Memo: string; }' is not assignable to parameter of type 'never'.
src/export/quickbooks-generator.service.ts(342,41): error TS2345: Argument of type '{ AccountRef: { FullName: string; }; Amount: any; Memo: string; }' is not assignable to parameter of type 'never'.
src/export/storage.service.ts(3,22): error TS2307: Cannot find module 'aws-sdk' or its corresponding type declarations.
src/export/storage.service.ts(203,52): error TS7006: Parameter 'obj' implicitly has an 'any' type.
src/export/storage.service.ts(212,38): error TS7006: Parameter 'obj' implicitly has an 'any' type.
src/governance/dto/create-proposal.dto.ts(8,3): error TS2564: Property 'actionType' has no initializer and is not definitely assigned in the constructor.
src/governance/dto/create-proposal.dto.ts(12,3): error TS2564: Property 'target' has no initializer and is not definitely assigned in the constructor.
src/governance/dto/create-proposal.dto.ts(15,3): error TS2564: Property 'parameters' has no initializer and is not definitely assigned in the constructor.
src/governance/dto/create-proposal.dto.ts(25,3): error TS2564: Property 'proposer' has no initializer and is not definitely assigned in the constructor.
src/governance/dto/create-proposal.dto.ts(29,3): error TS2564: Property 'description' has no initializer and is not definitely assigned in the constructor.
src/governance/dto/create-proposal.dto.ts(34,3): error TS2564: Property 'actions' has no initializer and is not definitely assigned in the constructor.
src/governance/dto/execute-proposal.dto.ts(6,3): error TS2564: Property 'proposalId' has no initializer and is not definitely assigned in the constructor.
src/governance/dto/execute-proposal.dto.ts(12,3): error TS2564: Property 'proposalId' has no initializer and is not definitely assigned in the constructor.
src/governance/dto/execute-proposal.dto.ts(16,3): error TS2564: Property 'vetoer' has no initializer and is not definitely assigned in the constructor.
src/governance/dto/execute-proposal.dto.ts(20,3): error TS2564: Property 'reason' has no initializer and is not definitely assigned in the constructor.
src/governance/dto/proposal-response.dto.ts(5,3): error TS2564: Property 'id' has no initializer and is not definitely assigned in the constructor.
src/governance/dto/proposal-response.dto.ts(6,3): error TS2564: Property 'proposer' has no initializer and is not definitely assigned in the constructor.
src/governance/dto/proposal-response.dto.ts(7,3): error TS2564: Property 'description' has no initializer and is not definitely assigned in the constructor.
src/governance/dto/proposal-response.dto.ts(8,3): error TS2564: Property 'status' has no initializer and is not definitely assigned in the constructor.
src/governance/dto/proposal-response.dto.ts(9,3): error TS2564: Property 'votesFor' has no initializer and is not definitely assigned in the constructor.
src/governance/dto/proposal-response.dto.ts(10,3): error TS2564: Property 'votesAgainst' has no initializer and is not definitely assigned in the constructor.
src/governance/dto/proposal-response.dto.ts(11,3): error TS2564: Property 'votesAbstain' has no initializer and is not definitely assigned in the constructor.
src/governance/dto/proposal-response.dto.ts(12,3): error TS2564: Property 'votingStartTime' has no initializer and is not definitely assigned in the constructor.
src/governance/dto/proposal-response.dto.ts(13,3): error TS2564: Property 'votingEndTime' has no initializer and is not definitely assigned in the constructor.
src/governance/dto/proposal-response.dto.ts(14,3): error TS2564: Property 'executionTime' has no initializer and is not definitely assigned in the constructor.
src/governance/dto/proposal-response.dto.ts(15,3): error TS2564: Property 'quorumPercentage' has no initializer and is not definitely assigned in the constructor.
src/governance/dto/proposal-response.dto.ts(16,3): error TS2564: Property 'totalVotingPower' has no initializer and is not definitely assigned in the constructor.
src/governance/dto/proposal-response.dto.ts(17,3): error TS2564: Property 'actions' has no initializer and is not definitely assigned in the constructor.
src/governance/dto/proposal-response.dto.ts(23,3): error TS2564: Property 'createdAt' has no initializer and is not definitely assigned in the constructor.
src/governance/dto/proposal-response.dto.ts(24,3): error TS2564: Property 'updatedAt' has no initializer and is not definitely assigned in the constructor.
src/governance/dto/proposal-response.dto.ts(28,3): error TS2564: Property 'id' has no initializer and is not definitely assigned in the constructor.
src/governance/dto/proposal-response.dto.ts(29,3): error TS2564: Property 'proposalId' has no initializer and is not definitely assigned in the constructor.
src/governance/dto/proposal-response.dto.ts(30,3): error TS2564: Property 'voter' has no initializer and is not definitely assigned in the constructor.
src/governance/dto/proposal-response.dto.ts(31,3): error TS2564: Property 'voteType' has no initializer and is not definitely assigned in the constructor.
src/governance/dto/proposal-response.dto.ts(32,3): error TS2564: Property 'votingPower' has no initializer and is not definitely assigned in the constructor.
src/governance/dto/proposal-response.dto.ts(34,3): error TS2564: Property 'createdAt' has no initializer and is not definitely assigned in the constructor.
src/governance/dto/vote.dto.ts(7,3): error TS2564: Property 'proposalId' has no initializer and is not definitely assigned in the constructor.
src/governance/dto/vote.dto.ts(11,3): error TS2564: Property 'voter' has no initializer and is not definitely assigned in the constructor.
src/governance/dto/vote.dto.ts(14,3): error TS2564: Property 'support' has no initializer and is not definitely assigned in the constructor.
src/governance/dto/vote.dto.ts(24,3): error TS2564: Property 'proposalId' has no initializer and is not definitely assigned in the constructor.
src/governance/dto/vote.dto.ts(28,3): error TS2564: Property 'voter' has no initializer and is not definitely assigned in the constructor.
src/governance/dto/vote.dto.ts(31,3): error TS2564: Property 'voteType' has no initializer and is not definitely assigned in the constructor.
src/governance/entities/governance-config.entity.ts(12,3): error TS2564: Property 'id' has no initializer and is not definitely assigned in the constructor.
src/governance/entities/governance-config.entity.ts(15,3): error TS2564: Property 'quorumPercentage' has no initializer and is not definitely assigned in the constructor.
src/governance/entities/governance-config.entity.ts(18,3): error TS2564: Property 'votingPeriod' has no initializer and is not definitely assigned in the constructor.
src/governance/entities/governance-config.entity.ts(21,3): error TS2564: Property 'timelockDelay' has no initializer and is not definitely assigned in the constructor.
src/governance/entities/governance-config.entity.ts(24,3): error TS2564: Property 'proposalLifetime' has no initializer and is not definitely assigned in the constructor.
src/governance/entities/governance-config.entity.ts(27,3): error TS2564: Property 'proposalThreshold' has no initializer and is not definitely assigned in the constructor.
src/governance/entities/governance-config.entity.ts(30,3): error TS2564: Property 'vetoAddresses' has no initializer and is not definitely assigned in the constructor.
src/governance/entities/governance-config.entity.ts(33,3): error TS2564: Property 'isActive' has no initializer and is not definitely assigned in the constructor.
src/governance/entities/governance-config.entity.ts(36,3): error TS2564: Property 'createdAt' has no initializer and is not definitely assigned in the constructor.
src/governance/entities/governance-config.entity.ts(39,3): error TS2564: Property 'updatedAt' has no initializer and is not definitely assigned in the constructor.
src/governance/entities/proposal-action.entity.ts(23,3): error TS2564: Property 'id' has no initializer and is not definitely assigned in the constructor.
src/governance/entities/proposal-action.entity.ts(26,3): error TS2564: Property 'proposalId' has no initializer and is not definitely assigned in the constructor.
src/governance/entities/proposal-action.entity.ts(32,3): error TS2564: Property 'actionType' has no initializer and is not definitely assigned in the constructor.
src/governance/entities/proposal-action.entity.ts(35,3): error TS2564: Property 'target' has no initializer and is not definitely assigned in the constructor.
src/governance/entities/proposal-action.entity.ts(38,3): error TS2564: Property 'parameters' has no initializer and is not definitely assigned in the constructor.
src/governance/entities/proposal-action.entity.ts(41,3): error TS2564: Property 'calldata' has no initializer and is not definitely assigned in the constructor.
src/governance/entities/proposal-action.entity.ts(44,3): error TS2564: Property 'executed' has no initializer and is not definitely assigned in the constructor.
src/governance/entities/proposal-action.entity.ts(50,3): error TS2564: Property 'proposal' has no initializer and is not definitely assigned in the constructor.
src/governance/entities/proposal-action.entity.ts(53,3): error TS2564: Property 'createdAt' has no initializer and is not definitely assigned in the constructor.
src/governance/entities/proposal.entity.ts(26,3): error TS2564: Property 'id' has no initializer and is not definitely assigned in the constructor.
src/governance/entities/proposal.entity.ts(29,3): error TS2564: Property 'proposer' has no initializer and is not definitely assigned in the constructor.
src/governance/entities/proposal.entity.ts(32,3): error TS2564: Property 'description' has no initializer and is not definitely assigned in the constructor.
src/governance/entities/proposal.entity.ts(39,3): error TS2564: Property 'status' has no initializer and is not definitely assigned in the constructor.
src/governance/entities/proposal.entity.ts(42,3): error TS2564: Property 'votesFor' has no initializer and is not definitely assigned in the constructor.
src/governance/entities/proposal.entity.ts(45,3): error TS2564: Property 'votesAgainst' has no initializer and is not definitely assigned in the constructor.
src/governance/entities/proposal.entity.ts(48,3): error TS2564: Property 'votesAbstain' has no initializer and is not definitely assigned in the constructor.
src/governance/entities/proposal.entity.ts(51,3): error TS2564: Property 'votingStartTime' has no initializer and is not definitely assigned in the constructor.
src/governance/entities/proposal.entity.ts(54,3): error TS2564: Property 'votingEndTime' has no initializer and is not definitely assigned in the constructor.
src/governance/entities/proposal.entity.ts(57,3): error TS2564: Property 'executionTime' has no initializer and is not definitely assigned in the constructor.
src/governance/entities/proposal.entity.ts(60,3): error TS2564: Property 'executedAt' has no initializer and is not definitely assigned in the constructor.
src/governance/entities/proposal.entity.ts(63,3): error TS2564: Property 'vetoedBy' has no initializer and is not definitely assigned in the constructor.
src/governance/entities/proposal.entity.ts(66,3): error TS2564: Property 'vetoReason' has no initializer and is not definitely assigned in the constructor.
src/governance/entities/proposal.entity.ts(69,3): error TS2564: Property 'quorumPercentage' has no initializer and is not definitely assigned in the constructor.
src/governance/entities/proposal.entity.ts(72,3): error TS2564: Property 'totalVotingPower' has no initializer and is not definitely assigned in the constructor.
src/governance/entities/proposal.entity.ts(75,3): error TS2564: Property 'votes' has no initializer and is not definitely assigned in the constructor.
src/governance/entities/proposal.entity.ts(80,3): error TS2564: Property 'actions' has no initializer and is not definitely assigned in the constructor.
src/governance/entities/proposal.entity.ts(83,3): error TS2564: Property 'createdAt' has no initializer and is not definitely assigned in the constructor.
src/governance/entities/proposal.entity.ts(86,3): error TS2564: Property 'updatedAt' has no initializer and is not definitely assigned in the constructor.
src/governance/entities/vote.entity.ts(22,3): error TS2564: Property 'id' has no initializer and is not definitely assigned in the constructor.
src/governance/entities/vote.entity.ts(25,3): error TS2564: Property 'proposalId' has no initializer and is not definitely assigned in the constructor.
src/governance/entities/vote.entity.ts(28,3): error TS2564: Property 'voter' has no initializer and is not definitely assigned in the constructor.
src/governance/entities/vote.entity.ts(34,3): error TS2564: Property 'voteType' has no initializer and is not definitely assigned in the constructor.
src/governance/entities/vote.entity.ts(37,3): error TS2564: Property 'votingPower' has no initializer and is not definitely assigned in the constructor.
src/governance/entities/vote.entity.ts(40,3): error TS2564: Property 'reason' has no initializer and is not definitely assigned in the constructor.
src/governance/entities/vote.entity.ts(46,3): error TS2564: Property 'proposal' has no initializer and is not definitely assigned in the constructor.
src/governance/entities/vote.entity.ts(49,3): error TS2564: Property 'createdAt' has no initializer and is not definitely assigned in the constructor.
src/governance/examples/governance-usage.example.ts(113,42): error TS18046: 'error' is of type 'unknown'.
src/realtime-analytics/analytics.aggregate.ts(3,24): error TS2307: Cannot find module '@apla/clickhouse' or its corresponding type declarations.
src/realtime-analytics/analytics.ingest.ts(2,33): error TS2307: Cannot find module 'kafkajs' or its corresponding type declarations.
src/realtime-analytics/analytics.ingest.ts(18,27): error TS7031: Binding element 'message' implicitly has an 'any' type.
src/realtime-analytics/analytics.websocket.ts(2,24): error TS7016: Could not find a declaration file for module 'ws'. '/Users/mac/Desktop/Drips/wave/StellarSplit/backend/node_modules/ws/index.js' implicitly has an 'any' type.
  Try `npm i --save-dev @types/ws` if it exists or add a new declaration (.d.ts) file containing `declare module 'ws';`
src/realtime-analytics/analytics.websocket.ts(8,23): error TS7006: Parameter 'client' implicitly has an 'any' type.
src/realtime-analytics/analytics.websocket.ts(15,22): error TS7006: Parameter 'ws' implicitly has an 'any' type.
src/receipts/entities/receipt.entity.ts(6,3): error TS2564: Property 'id' has no initializer and is not definitely assigned in the constructor.
src/receipts/entities/receipt.entity.ts(9,3): error TS2564: Property 'splitId' has no initializer and is not definitely assigned in the constructor.
src/receipts/entities/receipt.entity.ts(12,3): error TS2564: Property 'uploadedBy' has no initializer and is not definitely assigned in the constructor.
src/receipts/entities/receipt.entity.ts(15,3): error TS2564: Property 'originalFilename' has no initializer and is not definitely assigned in the constructor.
src/receipts/entities/receipt.entity.ts(18,3): error TS2564: Property 'storagePath' has no initializer and is not definitely assigned in the constructor.
src/receipts/entities/receipt.entity.ts(21,3): error TS2564: Property 'fileSize' has no initializer and is not definitely assigned in the constructor.
src/receipts/entities/receipt.entity.ts(24,3): error TS2564: Property 'mimeType' has no initializer and is not definitely assigned in the constructor.
src/receipts/entities/receipt.entity.ts(30,3): error TS2564: Property 'ocrProcessed' has no initializer and is not definitely assigned in the constructor.
src/receipts/entities/receipt.entity.ts(39,3): error TS2564: Property 'isDeleted' has no initializer and is not definitely assigned in the constructor.
src/receipts/entities/receipt.entity.ts(42,3): error TS2564: Property 'createdAt' has no initializer and is not definitely assigned in the constructor.
src/receipts/receipts.controller.ts(11,81): error TS2694: Namespace 'global.Express' has no exported member 'Multer'.
src/receipts/receipts.controller.ts(11,94): error TS7006: Parameter 'req' implicitly has an 'any' type.
src/receipts/receipts.service.ts(16,38): error TS2694: Namespace 'global.Express' has no exported member 'Multer'.
src/receipts/receipts.service.ts(26,47): error TS2694: Namespace 'global.Express' has no exported member 'Multer'.
src/receipts/receipts.service.ts(58,38): error TS18047: 'receipt' is possibly 'null'.
src/receipts/receipts.service.ts(67,25): error TS18047: 'receipt' is possibly 'null'.
src/receipts/receipts.service.ts(67,53): error TS18047: 'receipt' is possibly 'null'.
src/receipts/receipts.service.ts(75,7): error TS2322: Type '{ text: string; }' is not assignable to type '(() => string) | _QueryDeepPartialEntity<unknown>[] | readonly _QueryDeepPartialEntity<unknown>[] | _QueryDeepPartialEntity<any> | undefined'.
  Types of property 'text' are incompatible.
    Type 'string' is not assignable to type '(() => string) | _QueryDeepPartialEntity<unknown>[] | readonly _QueryDeepPartialEntity<unknown>[] | _QueryDeepPartialEntity<any> | undefined'.
src/receipts/storage-provider.service.ts(2,22): error TS2307: Cannot find module 'aws-sdk' or its corresponding type declarations.
src/receipts/storage-provider.service.ts(8,32): error TS2694: Namespace 'global.Express' has no exported member 'Multer'.
src/receipts/thumbnail.service.ts(6,41): error TS2694: Namespace 'global.Express' has no exported member 'Multer'.
src/receipts/thumbnail.service.ts(7,26): error TS2349: This expression is not callable.
  Type 'typeof sharp' has no call signatures.
src/receipts/thumbnail.service.ts(13,40): error TS2694: Namespace 'global.Express' has no exported member 'Multer'.
src/receipts/thumbnail.service.ts(13,70): error TS2694: Namespace 'global.Express' has no exported member 'Multer'.
src/receipts/thumbnail.service.ts(14,26): error TS2349: This expression is not callable.
  Type 'typeof sharp' has no call signatures.
src/reputation/entities/reputation-event.entity.ts(7,3): error TS2564: Property 'id' has no initializer and is not definitely assigned in the constructor.
src/reputation/entities/reputation-event.entity.ts(10,3): error TS2564: Property 'userId' has no initializer and is not definitely assigned in the constructor.
src/reputation/entities/reputation-event.entity.ts(13,3): error TS2564: Property 'eventType' has no initializer and is not definitely assigned in the constructor.
src/reputation/entities/reputation-event.entity.ts(16,3): error TS2564: Property 'scoreImpact' has no initializer and is not definitely assigned in the constructor.
src/reputation/entities/reputation-event.entity.ts(19,3): error TS2564: Property 'splitId' has no initializer and is not definitely assigned in the constructor.
src/reputation/entities/reputation-event.entity.ts(22,3): error TS2564: Property 'createdAt' has no initializer and is not definitely assigned in the constructor.
src/reputation/entities/user-reputation.entity.ts(7,3): error TS2564: Property 'id' has no initializer and is not definitely assigned in the constructor.
src/reputation/entities/user-reputation.entity.ts(10,3): error TS2564: Property 'userId' has no initializer and is not definitely assigned in the constructor.
src/reputation/entities/user-reputation.entity.ts(13,3): error TS2564: Property 'trustScore' has no initializer and is not definitely assigned in the constructor.
src/reputation/entities/user-reputation.entity.ts(16,3): error TS2564: Property 'totalSplitsParticipated' has no initializer and is not definitely assigned in the constructor.
src/reputation/entities/user-reputation.entity.ts(19,3): error TS2564: Property 'totalSplitsPaidOnTime' has no initializer and is not definitely assigned in the constructor.
src/reputation/entities/user-reputation.entity.ts(22,3): error TS2564: Property 'totalSplitsLate' has no initializer and is not definitely assigned in the constructor.
src/reputation/entities/user-reputation.entity.ts(25,3): error TS2564: Property 'totalSplitsUnpaid' has no initializer and is not definitely assigned in the constructor.
src/reputation/entities/user-reputation.entity.ts(28,3): error TS2564: Property 'averagePaymentDays' has no initializer and is not definitely assigned in the constructor.
src/reputation/entities/user-reputation.entity.ts(31,3): error TS2564: Property 'lastScoreUpdate' has no initializer and is not definitely assigned in the constructor.
src/reputation/entities/user-reputation.entity.ts(34,3): error TS2564: Property 'scoreHistory' has no initializer and is not definitely assigned in the constructor.
src/reputation/reputation.controller.ts(14,17): error TS7006: Parameter 'req' implicitly has an 'any' type.
src/short-links/dto/generate-link.dto.ts(6,3): error TS2564: Property 'splitId' has no initializer and is not definitely assigned in the constructor.
src/short-links/dto/generate-link.dto.ts(9,3): error TS2564: Property 'linkType' has no initializer and is not definitely assigned in the constructor.
src/short-links/entities/link-access-log.entity.ts(13,3): error TS2564: Property 'id' has no initializer and is not definitely assigned in the constructor.
src/short-links/entities/link-access-log.entity.ts(16,3): error TS2564: Property 'shortLink' has no initializer and is not definitely assigned in the constructor.
src/short-links/entities/link-access-log.entity.ts(19,3): error TS2564: Property 'accessedAt' has no initializer and is not definitely assigned in the constructor.
src/short-links/entities/link-access-log.entity.ts(22,3): error TS2564: Property 'ipHash' has no initializer and is not definitely assigned in the constructor.
src/short-links/entities/link-access-log.entity.ts(25,3): error TS2564: Property 'userAgent' has no initializer and is not definitely assigned in the constructor.
src/short-links/entities/split-short-link.entity.ts(9,23): error TS2307: Cannot find module '../../splits/entities/split.entity' or its corresponding type declarations.
src/short-links/entities/split-short-link.entity.ts(10,29): error TS2307: Cannot find module '../../participants/entities/participant.entity' or its corresponding type declarations.
src/short-links/entities/split-short-link.entity.ts(22,3): error TS2564: Property 'id' has no initializer and is not definitely assigned in the constructor.
src/short-links/entities/split-short-link.entity.ts(29,3): error TS2564: Property 'shortCode' has no initializer and is not definitely assigned in the constructor.
src/short-links/entities/split-short-link.entity.ts(32,3): error TS2564: Property 'linkType' has no initializer and is not definitely assigned in the constructor.
src/short-links/entities/split-short-link.entity.ts(38,3): error TS2564: Property 'accessCount' has no initializer and is not definitely assigned in the constructor.
src/short-links/entities/split-short-link.entity.ts(44,3): error TS2564: Property 'expiresAt' has no initializer and is not definitely assigned in the constructor.
src/short-links/entities/split-short-link.entity.ts(47,3): error TS2564: Property 'createdBy' has no initializer and is not definitely assigned in the constructor.
src/short-links/entities/split-short-link.entity.ts(50,3): error TS2564: Property 'createdAt' has no initializer and is not definitely assigned in the constructor.
src/short-links/short-links.controller.ts(11,35): error TS2307: Cannot find module './nfc-payload.service' or its corresponding type declarations.
src/short-links/short-links.controller.ts(22,42): error TS7006: Parameter 'req' implicitly has an 'any' type.
src/short-links/short-links.controller.ts(27,45): error TS7006: Parameter 'req' implicitly has an 'any' type.
src/short-links/short-links.controller.ts(49,25): error TS2339: Property 'delete' does not exist on type 'ShortLinksService'.
src/short-links/short-links.module.ts(7,35): error TS2307: Cannot find module './nfc-payload.service' or its corresponding type declarations.
src/short-links/short-links.service.ts(35,12): error TS2454: Variable 'code' is used before being assigned.
